Using pre-set license
Built from '2020.2/release' branch; Version is '2020.2.2f1 (068178b99f32) revision 426360'; Using compiler version '192528614'; Build Type 'Release'
OS: 'Windows 10 Pro; OS build 18363.1316; Version 1909; 64bit' Language: 'de' Physical Memory: 16320 MB
BatchMode: 1, IsHumanControllingUs: 0, StartBugReporterOnCrash: 0, Is64bit: 1, IsPro: 0

 COMMAND LINE ARGUMENTS:
C:\Program Files\Unity\Hub\Editor\2020.2.2f1\Editor\Unity.exe
-adb2
-batchMode
-noUpm
-name
AssetImportWorker0
-projectPath
C:/Users/Manuel/Documents/GitHub/QualityQuest/Moderator-Client/Unity Moderator Client
-logFile
Logs/AssetImportWorker0.log
-srvPort
22236
Successfully changed project path to: C:/Users/Manuel/Documents/GitHub/QualityQuest/Moderator-Client/Unity Moderator Client
C:/Users/Manuel/Documents/GitHub/QualityQuest/Moderator-Client/Unity Moderator Client
Using Asset Import Pipeline V2.
Refreshing native plugins compatible for Editor in 33.16 ms, found 1 plugins.
Preloading 0 native plugins for Editor in 0.00 ms.
Initialize engine version: 2020.2.2f1 (068178b99f32)
[Subsystems] Discovering subsystems at path C:/Program Files/Unity/Hub/Editor/2020.2.2f1/Editor/Data/Resources/UnitySubsystems
[Subsystems] Discovering subsystems at path C:/Users/Manuel/Documents/GitHub/QualityQuest/Moderator-Client/Unity Moderator Client/Assets
GfxDevice: creating device client; threaded=0
Direct3D:
    Version:  Direct3D 11.0 [level 11.1]
    Renderer: NVIDIA GeForce GTX 1070 (ID=0x1b81)
    Vendor:   
    VRAM:     8088 MB
    Driver:   27.21.14.6079
Initialize mono
Mono path[0] = 'C:/Program Files/Unity/Hub/Editor/2020.2.2f1/Editor/Data/Managed'
Mono path[1] = 'C:/Program Files/Unity/Hub/Editor/2020.2.2f1/Editor/Data/MonoBleedingEdge/lib/mono/unityjit'
Mono config path = 'C:/Program Files/Unity/Hub/Editor/2020.2.2f1/Editor/Data/MonoBleedingEdge/etc'
Using monoOptions --debugger-agent=transport=dt_socket,embedding=1,server=y,suspend=n,address=127.0.0.1:56584
Begin MonoManager ReloadAssembly
Registering precompiled unity dll's ...
Register platform support module: C:/Program Files/Unity/Hub/Editor/2020.2.2f1/Editor/Data/PlaybackEngines/WindowsStandaloneSupport/UnityEditor.WindowsStandalone.Extensions.dll
Registered in 0.001662 seconds.
Native extension for WindowsStandalone target not found
Refreshing native plugins compatible for Editor in 39.92 ms, found 1 plugins.
Preloading 0 native plugins for Editor in 0.00 ms.
Invoked RoslynAnalysisRunner static constructor.
RoslynAnalysisRunner will not be running.
RoslynAnalysisRunner has terminated.
Mono: successfully reloaded assembly
- Completed reload, in  0.952 seconds
Platform modules already initialized, skipping
Registering precompiled user dll's ...
Registered in 0.000834 seconds.
Begin MonoManager ReloadAssembly
Native extension for WindowsStandalone target not found
Refreshing native plugins compatible for Editor in 44.46 ms, found 1 plugins.
Preloading 0 native plugins for Editor in 0.00 ms.
Invoked RoslynAnalysisRunner static constructor.
RoslynAnalysisRunner will not be running.
RoslynAnalysisRunner has terminated.
Mono: successfully reloaded assembly
- Completed reload, in  0.870 seconds
Platform modules already initialized, skipping
========================================================================
Worker process is ready to serve import requests
Launched and connected shader compiler UnityShaderCompiler.exe after 0.06 seconds
Refreshing native plugins compatible for Editor in 0.37 ms, found 1 plugins.
Preloading 0 native plugins for Editor in 0.00 ms.
Unloading 1807 Unused Serialized files (Serialized files now loaded: 0)
System memory in use before: 86.8 MB.
System memory in use after: 86.9 MB.

Unloading 19 unused Assets to reduce memory usage. Loaded Objects now: 2254.
Total: 2.175000 ms (FindLiveObjects: 0.216400 ms CreateObjectMapping: 0.132300 ms MarkObjects: 1.753300 ms  DeleteObjects: 0.071600 ms)

========================================================================
Received Import Request.
  path: Assets/Menu-Buttons-Vorschlag-PixelArt.png
  artifactKey: Guid(dfdbf479d8c8dd44b94ce34acd2f96ef) Importer(815301076,1909f56bfc062723c751e8b465ee728b)
Start importing Assets/Menu-Buttons-Vorschlag-PixelArt.png using Guid(dfdbf479d8c8dd44b94ce34acd2f96ef) Importer(815301076,1909f56bfc062723c751e8b465ee728b)  -> (artifact id: '967d015fb7ad942e9432340ceb48fc05') in 0.100379 seconds
  Import took 0.103869 seconds .

========================================================================
Received Import Request.
  Time since last request: 45.993518 seconds.
  path: Assets/Menu-Buttons-Vorschlag-PixelArt.png
  artifactKey: Guid(dfdbf479d8c8dd44b94ce34acd2f96ef) Importer(815301076,1909f56bfc062723c751e8b465ee728b)
Start importing Assets/Menu-Buttons-Vorschlag-PixelArt.png using Guid(dfdbf479d8c8dd44b94ce34acd2f96ef) Importer(815301076,1909f56bfc062723c751e8b465ee728b)  -> (artifact id: '338733a2bb623a8ae3e23effd782e00c') in 0.009729 seconds
  Import took 0.014029 seconds .

========================================================================
Received Import Request.
  Time since last request: 0.007773 seconds.
  path: Assets/Menu-Buttons-Vorschlag-PixelArt.png
  artifactKey: Guid(dfdbf479d8c8dd44b94ce34acd2f96ef) Importer(815301076,1909f56bfc062723c751e8b465ee728b)
Start importing Assets/Menu-Buttons-Vorschlag-PixelArt.png using Guid(dfdbf479d8c8dd44b94ce34acd2f96ef) Importer(815301076,1909f56bfc062723c751e8b465ee728b)  -> (artifact id: '338733a2bb623a8ae3e23effd782e00c') in 0.010913 seconds
  Import took 0.015333 seconds .

========================================================================
Received Import Request.
  Time since last request: 34.454938 seconds.
  path: Assets/Menu-Buttons-Vorschlag-PixelArt.png
  artifactKey: Guid(dfdbf479d8c8dd44b94ce34acd2f96ef) Importer(815301076,1909f56bfc062723c751e8b465ee728b)
Start importing Assets/Menu-Buttons-Vorschlag-PixelArt.png using Guid(dfdbf479d8c8dd44b94ce34acd2f96ef) Importer(815301076,1909f56bfc062723c751e8b465ee728b)  -> (artifact id: '8f7788ce3d70d20b4acaefb398b4b771') in 0.006119 seconds
  Import took 0.010066 seconds .

========================================================================
Received Import Request.
  Time since last request: 0.007294 seconds.
  path: Assets/Menu-Buttons-Vorschlag-PixelArt.png
  artifactKey: Guid(dfdbf479d8c8dd44b94ce34acd2f96ef) Importer(815301076,1909f56bfc062723c751e8b465ee728b)
Start importing Assets/Menu-Buttons-Vorschlag-PixelArt.png using Guid(dfdbf479d8c8dd44b94ce34acd2f96ef) Importer(815301076,1909f56bfc062723c751e8b465ee728b)  -> (artifact id: '8f7788ce3d70d20b4acaefb398b4b771') in 0.006561 seconds
  Import took 0.009861 seconds .

========================================================================
Received Import Request.
  Time since last request: 22.957160 seconds.
  path: Assets/Menu-Buttons-Vorschlag-PixelArt.png
  artifactKey: Guid(dfdbf479d8c8dd44b94ce34acd2f96ef) Importer(815301076,1909f56bfc062723c751e8b465ee728b)
Start importing Assets/Menu-Buttons-Vorschlag-PixelArt.png using Guid(dfdbf479d8c8dd44b94ce34acd2f96ef) Importer(815301076,1909f56bfc062723c751e8b465ee728b)  -> (artifact id: '8b4301364f9e9607c52bc39e64d8b132') in 0.020617 seconds
  Import took 0.024429 seconds .

========================================================================
Received Import Request.
  Time since last request: 178.646408 seconds.
  path: Assets/Menu-Buttons-Vorschlag-PixelArt.png
  artifactKey: Guid(dfdbf479d8c8dd44b94ce34acd2f96ef) Importer(815301076,1909f56bfc062723c751e8b465ee728b)
Start importing Assets/Menu-Buttons-Vorschlag-PixelArt.png using Guid(dfdbf479d8c8dd44b94ce34acd2f96ef) Importer(815301076,1909f56bfc062723c751e8b465ee728b)  -> (artifact id: '789793bb2d44c7f330a121a28b7db7aa') in 0.016178 seconds
  Import took 0.019909 seconds .

========================================================================
Received Import Request.
  Time since last request: 0.001834 seconds.
  path: Assets/Menu-Buttons-Vorschlag-PixelArt.png
  artifactKey: Guid(dfdbf479d8c8dd44b94ce34acd2f96ef) Importer(815301076,1909f56bfc062723c751e8b465ee728b)
Start importing Assets/Menu-Buttons-Vorschlag-PixelArt.png using Guid(dfdbf479d8c8dd44b94ce34acd2f96ef) Importer(815301076,1909f56bfc062723c751e8b465ee728b)  -> (artifact id: '789793bb2d44c7f330a121a28b7db7aa') in 0.016720 seconds
  Import took 0.020072 seconds .

========================================================================
Received Prepare
Registering precompiled user dll's ...
Registered in 0.000808 seconds.
Begin MonoManager ReloadAssembly
Native extension for WindowsStandalone target not found
Refreshing native plugins compatible for Editor in 0.34 ms, found 1 plugins.
Preloading 0 native plugins for Editor in 0.00 ms.
Invoked RoslynAnalysisRunner static constructor.
RoslynAnalysisRunner will not be running.
RoslynAnalysisRunner has terminated.
Mono: successfully reloaded assembly
- Completed reload, in  0.802 seconds
Platform modules already initialized, skipping
Refreshing native plugins compatible for Editor in 0.33 ms, found 1 plugins.
Preloading 0 native plugins for Editor in 0.00 ms.
Unloading 1784 Unused Serialized files (Serialized files now loaded: 0)
System memory in use before: 88.6 MB.
System memory in use after: 88.7 MB.

Unloading 7 unused Assets to reduce memory usage. Loaded Objects now: 2265.
Total: 2.170000 ms (FindLiveObjects: 0.221900 ms CreateObjectMapping: 0.137100 ms MarkObjects: 1.782500 ms  DeleteObjects: 0.027200 ms)

========================================================================
Received Prepare
Registering precompiled user dll's ...
Registered in 0.000799 seconds.
Begin MonoManager ReloadAssembly
Native extension for WindowsStandalone target not found
Refreshing native plugins compatible for Editor in 0.34 ms, found 1 plugins.
Preloading 0 native plugins for Editor in 0.00 ms.
Invoked RoslynAnalysisRunner static constructor.
RoslynAnalysisRunner will not be running.
RoslynAnalysisRunner has terminated.
Mono: successfully reloaded assembly
- Completed reload, in  0.802 seconds
Platform modules already initialized, skipping
Refreshing native plugins compatible for Editor in 0.34 ms, found 1 plugins.
Preloading 0 native plugins for Editor in 0.00 ms.
Unloading 1784 Unused Serialized files (Serialized files now loaded: 0)
System memory in use before: 88.8 MB.
System memory in use after: 88.9 MB.

Unloading 7 unused Assets to reduce memory usage. Loaded Objects now: 2268.
Total: 2.495900 ms (FindLiveObjects: 0.196900 ms CreateObjectMapping: 0.159800 ms MarkObjects: 2.118700 ms  DeleteObjects: 0.019200 ms)

========================================================================
Received Prepare
Registering precompiled user dll's ...
Registered in 0.000853 seconds.
Begin MonoManager ReloadAssembly
Native extension for WindowsStandalone target not found
Refreshing native plugins compatible for Editor in 0.34 ms, found 1 plugins.
Preloading 0 native plugins for Editor in 0.00 ms.
Invoked RoslynAnalysisRunner static constructor.
RoslynAnalysisRunner will not be running.
RoslynAnalysisRunner has terminated.
Mono: successfully reloaded assembly
- Completed reload, in  0.788 seconds
Platform modules already initialized, skipping
Refreshing native plugins compatible for Editor in 0.33 ms, found 1 plugins.
Preloading 0 native plugins for Editor in 0.00 ms.
Unloading 1784 Unused Serialized files (Serialized files now loaded: 0)
System memory in use before: 89.0 MB.
System memory in use after: 89.1 MB.

Unloading 7 unused Assets to reduce memory usage. Loaded Objects now: 2271.
Total: 2.401500 ms (FindLiveObjects: 0.226300 ms CreateObjectMapping: 0.175700 ms MarkObjects: 1.982600 ms  DeleteObjects: 0.016000 ms)

========================================================================
Received Prepare
Registering precompiled user dll's ...
Registered in 0.000899 seconds.
Begin MonoManager ReloadAssembly
Native extension for WindowsStandalone target not found
Refreshing native plugins compatible for Editor in 0.33 ms, found 1 plugins.
Preloading 0 native plugins for Editor in 0.00 ms.
Invoked RoslynAnalysisRunner static constructor.
RoslynAnalysisRunner will not be running.
RoslynAnalysisRunner has terminated.
Mono: successfully reloaded assembly
- Completed reload, in  0.788 seconds
Platform modules already initialized, skipping
Refreshing native plugins compatible for Editor in 0.34 ms, found 1 plugins.
Preloading 0 native plugins for Editor in 0.00 ms.
Unloading 1784 Unused Serialized files (Serialized files now loaded: 0)
System memory in use before: 89.2 MB.
System memory in use after: 89.3 MB.

Unloading 7 unused Assets to reduce memory usage. Loaded Objects now: 2274.
Total: 2.183200 ms (FindLiveObjects: 0.207100 ms CreateObjectMapping: 0.133000 ms MarkObjects: 1.826300 ms  DeleteObjects: 0.015600 ms)

========================================================================
Received Prepare
Registering precompiled user dll's ...
Registered in 0.001401 seconds.
Begin MonoManager ReloadAssembly
Native extension for WindowsStandalone target not found
Refreshing native plugins compatible for Editor in 0.34 ms, found 1 plugins.
Preloading 0 native plugins for Editor in 0.00 ms.
Invoked RoslynAnalysisRunner static constructor.
RoslynAnalysisRunner will not be running.
RoslynAnalysisRunner has terminated.
Mono: successfully reloaded assembly
- Completed reload, in  0.865 seconds
Platform modules already initialized, skipping
Refreshing native plugins compatible for Editor in 0.37 ms, found 1 plugins.
Preloading 0 native plugins for Editor in 0.00 ms.
Unloading 1784 Unused Serialized files (Serialized files now loaded: 0)
System memory in use before: 89.3 MB.
System memory in use after: 89.5 MB.

Unloading 7 unused Assets to reduce memory usage. Loaded Objects now: 2277.
Total: 2.015700 ms (FindLiveObjects: 0.197900 ms CreateObjectMapping: 0.125500 ms MarkObjects: 1.678100 ms  DeleteObjects: 0.013400 ms)

========================================================================
Received Import Request.
  Time since last request: 727.121454 seconds.
  path: Assets/gear_icon.png
  artifactKey: Guid(f2b7b8b7dabba934690abdc7a9b1c644) Importer(815301076,1909f56bfc062723c751e8b465ee728b)
Start importing Assets/gear_icon.png using Guid(f2b7b8b7dabba934690abdc7a9b1c644) Importer(815301076,1909f56bfc062723c751e8b465ee728b)  -> (artifact id: 'a58970c45b8a7db8c9e0f806e34285e0') in 0.045983 seconds
  Import took 0.049406 seconds .

========================================================================
Received Import Request.
  Time since last request: 12.211097 seconds.
  path: Assets/gear_icon.png
  artifactKey: Guid(f2b7b8b7dabba934690abdc7a9b1c644) Importer(815301076,1909f56bfc062723c751e8b465ee728b)
Start importing Assets/gear_icon.png using Guid(f2b7b8b7dabba934690abdc7a9b1c644) Importer(815301076,1909f56bfc062723c751e8b465ee728b)  -> (artifact id: '409ea49079008321982d55e65f6628fb') in 0.007035 seconds
  Import took 0.010511 seconds .

========================================================================
Received Import Request.
  Time since last request: 0.007501 seconds.
  path: Assets/gear_icon.png
  artifactKey: Guid(f2b7b8b7dabba934690abdc7a9b1c644) Importer(815301076,1909f56bfc062723c751e8b465ee728b)
Start importing Assets/gear_icon.png using Guid(f2b7b8b7dabba934690abdc7a9b1c644) Importer(815301076,1909f56bfc062723c751e8b465ee728b)  -> (artifact id: '409ea49079008321982d55e65f6628fb') in 0.007367 seconds
  Import took 0.010628 seconds .

========================================================================
Received Import Request.
  Time since last request: 575.906643 seconds.
  path: Assets/TextMesh Pro
  artifactKey: Guid(f54d1bd14bd3ca042bd867b519fee8cc) Importer(815301076,1909f56bfc062723c751e8b465ee728b)
Start importing Assets/TextMesh Pro using Guid(f54d1bd14bd3ca042bd867b519fee8cc) Importer(815301076,1909f56bfc062723c751e8b465ee728b)  -> (artifact id: '181b0873290938d3100e768dc97d9037') in 0.003114 seconds
  Import took 0.007270 seconds .

========================================================================
Received Import Request.
  Time since last request: 2.618204 seconds.
  path: Assets/TextMesh Pro/Fonts
  artifactKey: Guid(6ab70aee4d56447429c680537fbf93ed) Importer(815301076,1909f56bfc062723c751e8b465ee728b)
Start importing Assets/TextMesh Pro/Fonts using Guid(6ab70aee4d56447429c680537fbf93ed) Importer(815301076,1909f56bfc062723c751e8b465ee728b)  -> (artifact id: '436eed1b4aee8fee63a6c9a7735eea68') in 0.002868 seconds
  Import took 0.006333 seconds .

========================================================================
Received Prepare
Registering precompiled user dll's ...
Registered in 0.000944 seconds.
Begin MonoManager ReloadAssembly
Native extension for WindowsStandalone target not found
Refreshing native plugins compatible for Editor in 0.34 ms, found 1 plugins.
Preloading 0 native plugins for Editor in 0.00 ms.
Invoked RoslynAnalysisRunner static constructor.
RoslynAnalysisRunner will not be running.
RoslynAnalysisRunner has terminated.
Mono: successfully reloaded assembly
- Completed reload, in  0.794 seconds
Platform modules already initialized, skipping
Refreshing native plugins compatible for Editor in 0.33 ms, found 1 plugins.
Preloading 0 native plugins for Editor in 0.00 ms.
Unloading 1784 Unused Serialized files (Serialized files now loaded: 0)
System memory in use before: 89.4 MB.
System memory in use after: 89.5 MB.

Unloading 7 unused Assets to reduce memory usage. Loaded Objects now: 2283.
Total: 2.075000 ms (FindLiveObjects: 0.229100 ms CreateObjectMapping: 0.116600 ms MarkObjects: 1.710700 ms  DeleteObjects: 0.017200 ms)

AssetImportWorkerClient::OnTransportError - code=2 error=End of file
